2023-12-15 12:17:10,368:WARNING:
'cuml' is a soft dependency and not included in the pycaret installation. Please run: `pip install cuml` to install.
2023-12-15 12:17:10,368:WARNING:
'cuml' is a soft dependency and not included in the pycaret installation. Please run: `pip install cuml` to install.
2023-12-15 12:17:10,368:WARNING:
'cuml' is a soft dependency and not included in the pycaret installation. Please run: `pip install cuml` to install.
2023-12-15 12:17:10,368:WARNING:
'cuml' is a soft dependency and not included in the pycaret installation. Please run: `pip install cuml` to install.
2023-12-15 12:18:22,874:WARNING:C:\Users\Khushi\AppData\Local\Programs\Python\Python39\lib\site-packages\sklearn\base.py:318: UserWarning: Trying to unpickle estimator LinearRegression from version 0.24.1 when using version 1.2.2. This might lead to breaking code or invalid results. Use at your own risk. For more info please refer to:
https://scikit-learn.org/stable/model_persistence.html#security-maintainability-limitations
  warnings.warn(

2023-12-15 12:18:22,927:WARNING:C:\Users\Khushi\AppData\Local\Programs\Python\Python39\lib\site-packages\sklearn\base.py:432: UserWarning: X has feature names, but LinearRegression was fitted without feature names
  warnings.warn(

2024-02-26 14:17:41,874:WARNING:
'cuml' is a soft dependency and not included in the pycaret installation. Please run: `pip install cuml` to install.
2024-02-26 14:17:41,874:WARNING:
'cuml' is a soft dependency and not included in the pycaret installation. Please run: `pip install cuml` to install.
2024-02-26 14:17:41,875:WARNING:
'cuml' is a soft dependency and not included in the pycaret installation. Please run: `pip install cuml` to install.
2024-02-26 14:17:41,875:WARNING:
'cuml' is a soft dependency and not included in the pycaret installation. Please run: `pip install cuml` to install.
2024-02-26 14:18:11,488:WARNING:C:\Users\Khushi\AppData\Local\Programs\Python\Python39\lib\site-packages\sklearn\base.py:318: UserWarning: Trying to unpickle estimator LinearRegression from version 0.24.1 when using version 1.2.2. This might lead to breaking code or invalid results. Use at your own risk. For more info please refer to:
https://scikit-learn.org/stable/model_persistence.html#security-maintainability-limitations
  warnings.warn(

2024-02-26 14:18:11,550:WARNING:C:\Users\Khushi\AppData\Local\Programs\Python\Python39\lib\site-packages\sklearn\base.py:432: UserWarning: X has feature names, but LinearRegression was fitted without feature names
  warnings.warn(

2024-02-26 14:19:31,674:WARNING:C:\Users\Khushi\AppData\Local\Programs\Python\Python39\lib\site-packages\sklearn\base.py:318: UserWarning: Trying to unpickle estimator LinearRegression from version 0.24.1 when using version 1.2.2. This might lead to breaking code or invalid results. Use at your own risk. For more info please refer to:
https://scikit-learn.org/stable/model_persistence.html#security-maintainability-limitations
  warnings.warn(

2024-02-26 14:19:31,715:WARNING:C:\Users\Khushi\AppData\Local\Programs\Python\Python39\lib\site-packages\sklearn\base.py:432: UserWarning: X has feature names, but LinearRegression was fitted without feature names
  warnings.warn(

2024-02-27 13:43:09,028:WARNING:
'cuml' is a soft dependency and not included in the pycaret installation. Please run: `pip install cuml` to install.
2024-02-27 13:43:09,029:WARNING:
'cuml' is a soft dependency and not included in the pycaret installation. Please run: `pip install cuml` to install.
2024-02-27 13:43:09,029:WARNING:
'cuml' is a soft dependency and not included in the pycaret installation. Please run: `pip install cuml` to install.
2024-02-27 13:43:09,029:WARNING:
'cuml' is a soft dependency and not included in the pycaret installation. Please run: `pip install cuml` to install.
2024-02-27 13:43:51,128:WARNING:C:\Users\Khushi\AppData\Local\Programs\Python\Python39\lib\site-packages\sklearn\base.py:318: UserWarning: Trying to unpickle estimator LinearRegression from version 0.24.1 when using version 1.2.2. This might lead to breaking code or invalid results. Use at your own risk. For more info please refer to:
https://scikit-learn.org/stable/model_persistence.html#security-maintainability-limitations
  warnings.warn(

2024-02-27 13:43:51,183:WARNING:C:\Users\Khushi\AppData\Local\Programs\Python\Python39\lib\site-packages\sklearn\base.py:432: UserWarning: X has feature names, but LinearRegression was fitted without feature names
  warnings.warn(

2024-02-27 13:51:19,184:WARNING:C:\Users\Khushi\AppData\Local\Programs\Python\Python39\lib\site-packages\sklearn\base.py:318: UserWarning: Trying to unpickle estimator LinearRegression from version 0.24.1 when using version 1.2.2. This might lead to breaking code or invalid results. Use at your own risk. For more info please refer to:
https://scikit-learn.org/stable/model_persistence.html#security-maintainability-limitations
  warnings.warn(

2024-02-27 13:51:19,249:WARNING:C:\Users\Khushi\AppData\Local\Programs\Python\Python39\lib\site-packages\sklearn\base.py:432: UserWarning: X has feature names, but LinearRegression was fitted without feature names
  warnings.warn(

2024-02-27 13:58:43,094:WARNING:
'cuml' is a soft dependency and not included in the pycaret installation. Please run: `pip install cuml` to install.
2024-02-27 13:58:43,095:WARNING:
'cuml' is a soft dependency and not included in the pycaret installation. Please run: `pip install cuml` to install.
2024-02-27 13:58:43,095:WARNING:
'cuml' is a soft dependency and not included in the pycaret installation. Please run: `pip install cuml` to install.
2024-02-27 13:58:43,095:WARNING:
'cuml' is a soft dependency and not included in the pycaret installation. Please run: `pip install cuml` to install.
2024-02-27 13:59:11,499:WARNING:C:\Users\Khushi\AppData\Local\Programs\Python\Python39\lib\site-packages\sklearn\base.py:318: UserWarning: Trying to unpickle estimator LinearRegression from version 0.24.1 when using version 1.2.2. This might lead to breaking code or invalid results. Use at your own risk. For more info please refer to:
https://scikit-learn.org/stable/model_persistence.html#security-maintainability-limitations
  warnings.warn(

2024-02-27 13:59:11,544:WARNING:C:\Users\Khushi\AppData\Local\Programs\Python\Python39\lib\site-packages\sklearn\base.py:432: UserWarning: X has feature names, but LinearRegression was fitted without feature names
  warnings.warn(

2024-02-27 14:02:51,090:WARNING:C:\Users\Khushi\AppData\Local\Programs\Python\Python39\lib\site-packages\sklearn\base.py:318: UserWarning: Trying to unpickle estimator LinearRegression from version 0.24.1 when using version 1.2.2. This might lead to breaking code or invalid results. Use at your own risk. For more info please refer to:
https://scikit-learn.org/stable/model_persistence.html#security-maintainability-limitations
  warnings.warn(

2024-02-27 14:02:51,113:WARNING:C:\Users\Khushi\AppData\Local\Programs\Python\Python39\lib\site-packages\sklearn\base.py:432: UserWarning: X has feature names, but LinearRegression was fitted without feature names
  warnings.warn(

2024-03-11 12:00:56,822:WARNING:
'cuml' is a soft dependency and not included in the pycaret installation. Please run: `pip install cuml` to install.
2024-03-11 12:00:56,822:WARNING:
'cuml' is a soft dependency and not included in the pycaret installation. Please run: `pip install cuml` to install.
2024-03-11 12:00:56,822:WARNING:
'cuml' is a soft dependency and not included in the pycaret installation. Please run: `pip install cuml` to install.
2024-03-11 12:00:56,822:WARNING:
'cuml' is a soft dependency and not included in the pycaret installation. Please run: `pip install cuml` to install.
2024-03-11 12:01:35,184:WARNING:C:\Users\Khushi\AppData\Local\Programs\Python\Python39\lib\site-packages\sklearn\base.py:318: UserWarning: Trying to unpickle estimator LinearRegression from version 0.24.1 when using version 1.2.2. This might lead to breaking code or invalid results. Use at your own risk. For more info please refer to:
https://scikit-learn.org/stable/model_persistence.html#security-maintainability-limitations
  warnings.warn(

2024-03-11 12:01:35,267:WARNING:C:\Users\Khushi\AppData\Local\Programs\Python\Python39\lib\site-packages\sklearn\base.py:432: UserWarning: X has feature names, but LinearRegression was fitted without feature names
  warnings.warn(

2024-03-11 12:02:05,647:WARNING:C:\Users\Khushi\Downloads\Crystall-Final\app.py:439: UserWarning: 

`distplot` is a deprecated function and will be removed in seaborn v0.14.0.

Please adapt your code to use either `displot` (a figure-level function with
similar flexibility) or `histplot` (an axes-level function for histograms).

For a guide to updating your code to use the new functions, please see
https://gist.github.com/mwaskom/de44147ed2974457ad6372750bbe5751

  sns.distplot(df[selected_column], ax=ax)

2024-03-11 12:04:42,601:WARNING:
'cuml' is a soft dependency and not included in the pycaret installation. Please run: `pip install cuml` to install.
2024-03-11 12:04:42,601:WARNING:
'cuml' is a soft dependency and not included in the pycaret installation. Please run: `pip install cuml` to install.
2024-03-11 12:04:42,601:WARNING:
'cuml' is a soft dependency and not included in the pycaret installation. Please run: `pip install cuml` to install.
2024-03-11 12:04:42,601:WARNING:
'cuml' is a soft dependency and not included in the pycaret installation. Please run: `pip install cuml` to install.
2024-03-11 12:05:20,956:WARNING:
'cuml' is a soft dependency and not included in the pycaret installation. Please run: `pip install cuml` to install.
2024-03-11 12:05:20,956:WARNING:
'cuml' is a soft dependency and not included in the pycaret installation. Please run: `pip install cuml` to install.
2024-03-11 12:05:20,956:WARNING:
'cuml' is a soft dependency and not included in the pycaret installation. Please run: `pip install cuml` to install.
2024-03-11 12:05:20,956:WARNING:
'cuml' is a soft dependency and not included in the pycaret installation. Please run: `pip install cuml` to install.
2024-03-11 12:05:38,493:WARNING:C:\Users\Khushi\AppData\Local\Programs\Python\Python39\lib\site-packages\sklearn\base.py:318: UserWarning: Trying to unpickle estimator LinearRegression from version 0.24.1 when using version 1.2.2. This might lead to breaking code or invalid results. Use at your own risk. For more info please refer to:
https://scikit-learn.org/stable/model_persistence.html#security-maintainability-limitations
  warnings.warn(

2024-03-11 12:05:38,584:WARNING:C:\Users\Khushi\AppData\Local\Programs\Python\Python39\lib\site-packages\sklearn\base.py:432: UserWarning: X has feature names, but LinearRegression was fitted without feature names
  warnings.warn(

2024-03-11 12:15:26,120:WARNING:
'cuml' is a soft dependency and not included in the pycaret installation. Please run: `pip install cuml` to install.
2024-03-11 12:15:26,120:WARNING:
'cuml' is a soft dependency and not included in the pycaret installation. Please run: `pip install cuml` to install.
2024-03-11 12:15:26,120:WARNING:
'cuml' is a soft dependency and not included in the pycaret installation. Please run: `pip install cuml` to install.
2024-03-11 12:15:26,120:WARNING:
'cuml' is a soft dependency and not included in the pycaret installation. Please run: `pip install cuml` to install.
2024-03-11 12:15:42,193:WARNING:C:\Users\Khushi\AppData\Local\Programs\Python\Python39\lib\site-packages\sklearn\base.py:318: UserWarning: Trying to unpickle estimator LinearRegression from version 0.24.1 when using version 1.2.2. This might lead to breaking code or invalid results. Use at your own risk. For more info please refer to:
https://scikit-learn.org/stable/model_persistence.html#security-maintainability-limitations
  warnings.warn(

2024-03-11 12:15:42,279:WARNING:C:\Users\Khushi\AppData\Local\Programs\Python\Python39\lib\site-packages\sklearn\base.py:432: UserWarning: X has feature names, but LinearRegression was fitted without feature names
  warnings.warn(

2024-03-11 12:21:02,179:WARNING:
'cuml' is a soft dependency and not included in the pycaret installation. Please run: `pip install cuml` to install.
2024-03-11 12:21:02,181:WARNING:
'cuml' is a soft dependency and not included in the pycaret installation. Please run: `pip install cuml` to install.
2024-03-11 12:21:02,181:WARNING:
'cuml' is a soft dependency and not included in the pycaret installation. Please run: `pip install cuml` to install.
2024-03-11 12:21:02,181:WARNING:
'cuml' is a soft dependency and not included in the pycaret installation. Please run: `pip install cuml` to install.
2024-03-11 12:21:37,277:WARNING:C:\Users\Khushi\AppData\Local\Programs\Python\Python39\lib\site-packages\sklearn\cluster\_kmeans.py:870: FutureWarning:

The default value of `n_init` will change from 10 to 'auto' in 1.4. Set the value of `n_init` explicitly to suppress the warning


2024-03-11 12:22:04,700:WARNING:C:\Users\Khushi\AppData\Local\Programs\Python\Python39\lib\site-packages\sklearn\cluster\_kmeans.py:870: FutureWarning:

The default value of `n_init` will change from 10 to 'auto' in 1.4. Set the value of `n_init` explicitly to suppress the warning


2024-03-11 12:23:57,001:WARNING:C:\Users\Khushi\AppData\Local\Programs\Python\Python39\lib\site-packages\sklearn\cluster\_kmeans.py:870: FutureWarning:

The default value of `n_init` will change from 10 to 'auto' in 1.4. Set the value of `n_init` explicitly to suppress the warning


2024-03-11 12:24:28,622:WARNING:C:\Users\Khushi\Downloads\Crystall-Final\app.py:677: UserWarning:



`distplot` is a deprecated function and will be removed in seaborn v0.14.0.

Please adapt your code to use either `displot` (a figure-level function with
similar flexibility) or `histplot` (an axes-level function for histograms).

For a guide to updating your code to use the new functions, please see
https://gist.github.com/mwaskom/de44147ed2974457ad6372750bbe5751



2024-03-11 12:24:36,942:WARNING:C:\Users\Khushi\AppData\Local\Programs\Python\Python39\lib\site-packages\sklearn\cluster\_kmeans.py:870: FutureWarning:

The default value of `n_init` will change from 10 to 'auto' in 1.4. Set the value of `n_init` explicitly to suppress the warning


